2016-01-05 14:59:27 - PHP Notice:  Undefined index: minimum in /var/www/html/furniture.com/catalog/view/theme/basecart/template/module/featured.tpl on line 33
2016-01-05 14:59:27 - PHP Notice:  Undefined index: minimum in /var/www/html/furniture.com/catalog/view/theme/basecart/template/module/featured.tpl on line 33
2016-01-05 14:59:27 - PHP Notice:  Undefined index: minimum in /var/www/html/furniture.com/catalog/view/theme/basecart/template/module/featured.tpl on line 33
2016-01-05 14:59:27 - PHP Notice:  Undefined index: minimum in /var/www/html/furniture.com/catalog/view/theme/basecart/template/module/featured.tpl on line 33
2016-01-05 14:59:27 - PHP Notice:  Undefined variable: theme in /var/www/html/furniture.com/catalog/view/theme/basecart/template/common/header.tpl on line 35
2016-01-05 14:59:27 - PHP Notice:  Undefined variable: theme in /var/www/html/furniture.com/catalog/view/theme/basecart/template/common/header.tpl on line 37
2016-01-05 14:59:27 - PHP Notice:  Undefined variable: theme in /var/www/html/furniture.com/catalog/view/theme/basecart/template/common/header.tpl on line 39
2016-01-05 14:59:27 - PHP Notice:  Undefined variable: theme in /var/www/html/furniture.com/catalog/view/theme/basecart/template/common/header.tpl on line 41
2016-01-05 14:59:27 - PHP Notice:  Undefined variable: theme in /var/www/html/furniture.com/catalog/view/theme/basecart/template/common/header.tpl on line 43
2016-01-05 14:59:27 - PHP Notice:  Undefined variable: theme in /var/www/html/furniture.com/catalog/view/theme/basecart/template/common/header.tpl on line 45
2016-01-05 14:59:27 - PHP Notice:  Undefined variable: theme in /var/www/html/furniture.com/catalog/view/theme/basecart/template/common/header.tpl on line 47
2016-01-05 14:59:27 - PHP Notice:  Undefined variable: theme in /var/www/html/furniture.com/catalog/view/theme/basecart/template/common/header.tpl on line 49
2016-01-05 14:59:27 - PHP Notice:  Undefined variable: theme in /var/www/html/furniture.com/catalog/view/theme/basecart/template/common/header.tpl on line 51
2016-01-05 14:59:27 - PHP Notice:  Undefined variable: theme in /var/www/html/furniture.com/catalog/view/theme/basecart/template/common/header.tpl on line 53
2016-01-05 14:59:27 - PHP Notice:  Undefined variable: theme in /var/www/html/furniture.com/catalog/view/theme/basecart/template/common/header.tpl on line 55
2016-01-05 14:59:27 - PHP Notice:  Undefined variable: theme in /var/www/html/furniture.com/catalog/view/theme/basecart/template/common/header.tpl on line 57
2016-01-05 14:59:27 - PHP Notice:  Undefined variable: theme in /var/www/html/furniture.com/catalog/view/theme/basecart/template/common/header.tpl on line 59
2016-01-05 14:59:27 - PHP Notice:  Undefined variable: theme in /var/www/html/furniture.com/catalog/view/theme/basecart/template/common/header.tpl on line 61
2016-01-05 14:59:27 - PHP Notice:  Undefined variable: theme in /var/www/html/furniture.com/catalog/view/theme/basecart/template/common/header.tpl on line 63
2016-01-05 14:59:27 - PHP Notice:  Undefined variable: theme in /var/www/html/furniture.com/catalog/view/theme/basecart/template/common/header.tpl on line 65
2016-01-05 14:59:27 - PHP Notice:  Undefined variable: theme in /var/www/html/furniture.com/catalog/view/theme/basecart/template/common/header.tpl on line 67
2016-01-05 14:59:27 - PHP Notice:  Undefined variable: nav in /var/www/html/furniture.com/catalog/view/theme/basecart/template/common/header.tpl on line 86
2016-01-05 15:04:27 - PHP Notice:  Undefined index: minimum in /var/www/html/furniture.com/catalog/view/theme/basecart/template/module/featured.tpl on line 33
2016-01-05 15:04:27 - PHP Notice:  Undefined index: minimum in /var/www/html/furniture.com/catalog/view/theme/basecart/template/module/featured.tpl on line 33
2016-01-05 15:04:27 - PHP Notice:  Undefined index: minimum in /var/www/html/furniture.com/catalog/view/theme/basecart/template/module/featured.tpl on line 33
2016-01-05 15:04:27 - PHP Notice:  Undefined index: minimum in /var/www/html/furniture.com/catalog/view/theme/basecart/template/module/featured.tpl on line 33
2016-01-05 15:04:27 - PHP Notice:  Undefined variable: theme in /var/www/html/furniture.com/catalog/view/theme/basecart/template/common/header.tpl on line 35
2016-01-05 15:04:27 - PHP Notice:  Undefined variable: theme in /var/www/html/furniture.com/catalog/view/theme/basecart/template/common/header.tpl on line 37
2016-01-05 15:04:27 - PHP Notice:  Undefined variable: theme in /var/www/html/furniture.com/catalog/view/theme/basecart/template/common/header.tpl on line 39
2016-01-05 15:04:27 - PHP Notice:  Undefined variable: theme in /var/www/html/furniture.com/catalog/view/theme/basecart/template/common/header.tpl on line 41
2016-01-05 15:04:27 - PHP Notice:  Undefined variable: theme in /var/www/html/furniture.com/catalog/view/theme/basecart/template/common/header.tpl on line 43
2016-01-05 15:04:27 - PHP Notice:  Undefined variable: theme in /var/www/html/furniture.com/catalog/view/theme/basecart/template/common/header.tpl on line 45
2016-01-05 15:04:27 - PHP Notice:  Undefined variable: theme in /var/www/html/furniture.com/catalog/view/theme/basecart/template/common/header.tpl on line 47
2016-01-05 15:04:27 - PHP Notice:  Undefined variable: theme in /var/www/html/furniture.com/catalog/view/theme/basecart/template/common/header.tpl on line 49
2016-01-05 15:04:27 - PHP Notice:  Undefined variable: theme in /var/www/html/furniture.com/catalog/view/theme/basecart/template/common/header.tpl on line 51
2016-01-05 15:04:27 - PHP Notice:  Undefined variable: theme in /var/www/html/furniture.com/catalog/view/theme/basecart/template/common/header.tpl on line 53
2016-01-05 15:04:27 - PHP Notice:  Undefined variable: theme in /var/www/html/furniture.com/catalog/view/theme/basecart/template/common/header.tpl on line 55
2016-01-05 15:04:27 - PHP Notice:  Undefined variable: theme in /var/www/html/furniture.com/catalog/view/theme/basecart/template/common/header.tpl on line 57
2016-01-05 15:04:27 - PHP Notice:  Undefined variable: theme in /var/www/html/furniture.com/catalog/view/theme/basecart/template/common/header.tpl on line 59
2016-01-05 15:04:27 - PHP Notice:  Undefined variable: theme in /var/www/html/furniture.com/catalog/view/theme/basecart/template/common/header.tpl on line 61
2016-01-05 15:04:27 - PHP Notice:  Undefined variable: theme in /var/www/html/furniture.com/catalog/view/theme/basecart/template/common/header.tpl on line 63
2016-01-05 15:04:27 - PHP Notice:  Undefined variable: theme in /var/www/html/furniture.com/catalog/view/theme/basecart/template/common/header.tpl on line 65
2016-01-05 15:04:27 - PHP Notice:  Undefined variable: theme in /var/www/html/furniture.com/catalog/view/theme/basecart/template/common/header.tpl on line 67
2016-01-05 15:04:27 - PHP Notice:  Undefined variable: nav in /var/www/html/furniture.com/catalog/view/theme/basecart/template/common/header.tpl on line 86
2016-01-05 15:07:43 - PHP Notice:  Undefined index: minimum in /var/www/html/furniture.com/catalog/view/theme/basecart/template/module/featured.tpl on line 33
2016-01-05 15:07:43 - PHP Notice:  Undefined index: minimum in /var/www/html/furniture.com/catalog/view/theme/basecart/template/module/featured.tpl on line 33
2016-01-05 15:07:43 - PHP Notice:  Undefined index: minimum in /var/www/html/furniture.com/catalog/view/theme/basecart/template/module/featured.tpl on line 33
2016-01-05 15:07:43 - PHP Notice:  Undefined index: minimum in /var/www/html/furniture.com/catalog/view/theme/basecart/template/module/featured.tpl on line 33
2016-01-05 15:07:43 - PHP Notice:  Undefined variable: theme in /var/www/html/furniture.com/catalog/view/theme/basecart/template/common/header.tpl on line 35
2016-01-05 15:07:43 - PHP Notice:  Undefined variable: theme in /var/www/html/furniture.com/catalog/view/theme/basecart/template/common/header.tpl on line 40
2016-01-05 15:07:43 - PHP Notice:  Undefined variable: theme in /var/www/html/furniture.com/catalog/view/theme/basecart/template/common/header.tpl on line 42
2016-01-05 15:07:43 - PHP Notice:  Undefined variable: theme in /var/www/html/furniture.com/catalog/view/theme/basecart/template/common/header.tpl on line 44
2016-01-05 15:07:43 - PHP Notice:  Undefined variable: theme in /var/www/html/furniture.com/catalog/view/theme/basecart/template/common/header.tpl on line 46
2016-01-05 15:07:43 - PHP Notice:  Undefined variable: theme in /var/www/html/furniture.com/catalog/view/theme/basecart/template/common/header.tpl on line 48
2016-01-05 15:07:43 - PHP Notice:  Undefined variable: theme in /var/www/html/furniture.com/catalog/view/theme/basecart/template/common/header.tpl on line 50
2016-01-05 15:07:43 - PHP Notice:  Undefined variable: theme in /var/www/html/furniture.com/catalog/view/theme/basecart/template/common/header.tpl on line 52
2016-01-05 15:07:43 - PHP Notice:  Undefined variable: theme in /var/www/html/furniture.com/catalog/view/theme/basecart/template/common/header.tpl on line 54
2016-01-05 15:07:43 - PHP Notice:  Undefined variable: theme in /var/www/html/furniture.com/catalog/view/theme/basecart/template/common/header.tpl on line 56
2016-01-05 15:07:43 - PHP Notice:  Undefined variable: theme in /var/www/html/furniture.com/catalog/view/theme/basecart/template/common/header.tpl on line 58
2016-01-05 15:07:43 - PHP Notice:  Undefined variable: theme in /var/www/html/furniture.com/catalog/view/theme/basecart/template/common/header.tpl on line 60
2016-01-05 15:07:43 - PHP Notice:  Undefined variable: theme in /var/www/html/furniture.com/catalog/view/theme/basecart/template/common/header.tpl on line 62
2016-01-05 15:07:43 - PHP Notice:  Undefined variable: theme in /var/www/html/furniture.com/catalog/view/theme/basecart/template/common/header.tpl on line 64
2016-01-05 15:07:43 - PHP Notice:  Undefined variable: theme in /var/www/html/furniture.com/catalog/view/theme/basecart/template/common/header.tpl on line 66
2016-01-05 15:07:43 - PHP Notice:  Undefined variable: theme in /var/www/html/furniture.com/catalog/view/theme/basecart/template/common/header.tpl on line 68
2016-01-05 15:07:43 - PHP Notice:  Undefined variable: theme in /var/www/html/furniture.com/catalog/view/theme/basecart/template/common/header.tpl on line 70
2016-01-05 15:07:43 - PHP Notice:  Undefined variable: nav in /var/www/html/furniture.com/catalog/view/theme/basecart/template/common/header.tpl on line 89
2016-01-05 15:14:47 - PHP Notice:  Undefined index: saving in /var/www/html/furniture.com/catalog/view/theme/marketshop/template/module/featured.tpl on line 17
2016-01-05 15:14:47 - PHP Notice:  Undefined index: saving in /var/www/html/furniture.com/catalog/view/theme/marketshop/template/module/featured.tpl on line 17
2016-01-05 15:14:47 - PHP Notice:  Undefined variable: route in /var/www/html/furniture.com/catalog/view/theme/marketshop/template/common/header.tpl on line 54
2016-01-05 15:14:47 - PHP Notice:  Undefined index: children_level2 in /var/www/html/furniture.com/catalog/view/theme/marketshop/template/common/header.tpl on line 1055
2016-01-05 15:14:47 - PHP Notice:  Undefined index: children_level2 in /var/www/html/furniture.com/catalog/view/theme/marketshop/template/common/header.tpl on line 1068
2016-01-05 15:14:47 - PHP Notice:  Undefined index: children_level2 in /var/www/html/furniture.com/catalog/view/theme/marketshop/template/common/header.tpl on line 1055
2016-01-05 15:14:47 - PHP Notice:  Undefined index: children_level2 in /var/www/html/furniture.com/catalog/view/theme/marketshop/template/common/header.tpl on line 1068
2016-01-05 15:14:47 - PHP Notice:  Undefined index: children_level2 in /var/www/html/furniture.com/catalog/view/theme/marketshop/template/common/header.tpl on line 1055
2016-01-05 15:14:47 - PHP Notice:  Undefined index: children_level2 in /var/www/html/furniture.com/catalog/view/theme/marketshop/template/common/header.tpl on line 1068
2016-01-05 15:14:47 - PHP Notice:  Undefined index: children_level2 in /var/www/html/furniture.com/catalog/view/theme/marketshop/template/common/header.tpl on line 1055
2016-01-05 15:14:47 - PHP Notice:  Undefined index: children_level2 in /var/www/html/furniture.com/catalog/view/theme/marketshop/template/common/header.tpl on line 1068
2016-01-05 15:14:47 - PHP Notice:  Undefined index: children_level2 in /var/www/html/furniture.com/catalog/view/theme/marketshop/template/common/header.tpl on line 1055
2016-01-05 15:14:47 - PHP Notice:  Undefined index: children_level2 in /var/www/html/furniture.com/catalog/view/theme/marketshop/template/common/header.tpl on line 1068
2016-01-05 15:14:47 - PHP Notice:  Undefined index: children_level2 in /var/www/html/furniture.com/catalog/view/theme/marketshop/template/common/header.tpl on line 1055
2016-01-05 15:14:47 - PHP Notice:  Undefined index: children_level2 in /var/www/html/furniture.com/catalog/view/theme/marketshop/template/common/header.tpl on line 1068
2016-01-05 15:14:47 - PHP Notice:  Undefined index: children_level2 in /var/www/html/furniture.com/catalog/view/theme/marketshop/template/common/header.tpl on line 1055
2016-01-05 15:14:47 - PHP Notice:  Undefined index: children_level2 in /var/www/html/furniture.com/catalog/view/theme/marketshop/template/common/header.tpl on line 1068
2016-01-05 15:14:47 - PHP Notice:  Undefined index: children_level2 in /var/www/html/furniture.com/catalog/view/theme/marketshop/template/common/header.tpl on line 1055
2016-01-05 15:14:47 - PHP Notice:  Undefined index: children_level2 in /var/www/html/furniture.com/catalog/view/theme/marketshop/template/common/header.tpl on line 1068
2016-01-05 15:14:47 - PHP Notice:  Undefined index: children_level2 in /var/www/html/furniture.com/catalog/view/theme/marketshop/template/common/header.tpl on line 1055
2016-01-05 15:14:47 - PHP Notice:  Undefined index: children_level2 in /var/www/html/furniture.com/catalog/view/theme/marketshop/template/common/header.tpl on line 1068
2016-01-05 15:14:47 - PHP Notice:  Undefined index: children_level2 in /var/www/html/furniture.com/catalog/view/theme/marketshop/template/common/header.tpl on line 1055
2016-01-05 15:14:47 - PHP Notice:  Undefined index: children_level2 in /var/www/html/furniture.com/catalog/view/theme/marketshop/template/common/header.tpl on line 1068
2016-01-05 15:14:47 - PHP Notice:  Undefined index: children_level2 in /var/www/html/furniture.com/catalog/view/theme/marketshop/template/common/header.tpl on line 1055
2016-01-05 15:14:47 - PHP Notice:  Undefined index: children_level2 in /var/www/html/furniture.com/catalog/view/theme/marketshop/template/common/header.tpl on line 1068
2016-01-05 15:14:47 - PHP Notice:  Undefined index: children_level2 in /var/www/html/furniture.com/catalog/view/theme/marketshop/template/common/header.tpl on line 1055
2016-01-05 15:14:47 - PHP Notice:  Undefined index: children_level2 in /var/www/html/furniture.com/catalog/view/theme/marketshop/template/common/header.tpl on line 1068
2016-01-05 15:14:47 - PHP Notice:  Undefined index: children_level2 in /var/www/html/furniture.com/catalog/view/theme/marketshop/template/common/header.tpl on line 1055
2016-01-05 15:14:47 - PHP Notice:  Undefined index: children_level2 in /var/www/html/furniture.com/catalog/view/theme/marketshop/template/common/header.tpl on line 1068
2016-01-05 15:14:47 - PHP Notice:  Undefined index: children_level2 in /var/www/html/furniture.com/catalog/view/theme/marketshop/template/common/header.tpl on line 1055
2016-01-05 15:14:47 - PHP Notice:  Undefined index: children_level2 in /var/www/html/furniture.com/catalog/view/theme/marketshop/template/common/header.tpl on line 1068
2016-01-05 15:14:47 - PHP Notice:  Undefined index: children_level2 in /var/www/html/furniture.com/catalog/view/theme/marketshop/template/common/header.tpl on line 1055
2016-01-05 15:14:47 - PHP Notice:  Undefined index: children_level2 in /var/www/html/furniture.com/catalog/view/theme/marketshop/template/common/header.tpl on line 1068
2016-01-05 15:14:47 - PHP Notice:  Undefined index: children_level2 in /var/www/html/furniture.com/catalog/view/theme/marketshop/template/common/header.tpl on line 1055
2016-01-05 15:14:47 - PHP Notice:  Undefined index: children_level2 in /var/www/html/furniture.com/catalog/view/theme/marketshop/template/common/header.tpl on line 1068
2016-01-05 15:14:47 - PHP Notice:  Undefined index: children_level2 in /var/www/html/furniture.com/catalog/view/theme/marketshop/template/common/header.tpl on line 1055
2016-01-05 15:14:47 - PHP Notice:  Undefined index: children_level2 in /var/www/html/furniture.com/catalog/view/theme/marketshop/template/common/header.tpl on line 1068
2016-01-05 15:14:47 - PHP Notice:  Undefined index: children_level2 in /var/www/html/furniture.com/catalog/view/theme/marketshop/template/common/header.tpl on line 1055
2016-01-05 15:14:47 - PHP Notice:  Undefined index: children_level2 in /var/www/html/furniture.com/catalog/view/theme/marketshop/template/common/header.tpl on line 1068
2016-01-05 15:14:47 - PHP Notice:  Undefined index: children_level2 in /var/www/html/furniture.com/catalog/view/theme/marketshop/template/common/header.tpl on line 1055
2016-01-05 15:14:47 - PHP Notice:  Undefined index: children_level2 in /var/www/html/furniture.com/catalog/view/theme/marketshop/template/common/header.tpl on line 1068
2016-01-05 15:14:47 - PHP Notice:  Undefined index: children_level2 in /var/www/html/furniture.com/catalog/view/theme/marketshop/template/common/header.tpl on line 1055
2016-01-05 15:14:47 - PHP Notice:  Undefined index: children_level2 in /var/www/html/furniture.com/catalog/view/theme/marketshop/template/common/header.tpl on line 1068
2016-01-05 15:14:47 - PHP Notice:  Undefined index: children_level2 in /var/www/html/furniture.com/catalog/view/theme/marketshop/template/common/header.tpl on line 1055
2016-01-05 15:14:47 - PHP Notice:  Undefined index: children_level2 in /var/www/html/furniture.com/catalog/view/theme/marketshop/template/common/header.tpl on line 1068
2016-01-05 15:14:47 - PHP Notice:  Undefined index: children_level2 in /var/www/html/furniture.com/catalog/view/theme/marketshop/template/common/header.tpl on line 1055
2016-01-05 15:14:47 - PHP Notice:  Undefined index: children_level2 in /var/www/html/furniture.com/catalog/view/theme/marketshop/template/common/header.tpl on line 1068
2016-01-05 15:14:47 - PHP Notice:  Undefined index: children_level2 in /var/www/html/furniture.com/catalog/view/theme/marketshop/template/common/header.tpl on line 1055
2016-01-05 15:14:47 - PHP Notice:  Undefined index: children_level2 in /var/www/html/furniture.com/catalog/view/theme/marketshop/template/common/header.tpl on line 1068
2016-01-05 15:14:47 - PHP Notice:  Undefined index: children_level2 in /var/www/html/furniture.com/catalog/view/theme/marketshop/template/common/header.tpl on line 1055
2016-01-05 15:14:47 - PHP Notice:  Undefined index: children_level2 in /var/www/html/furniture.com/catalog/view/theme/marketshop/template/common/header.tpl on line 1068
2016-01-05 15:14:47 - PHP Notice:  Undefined index: children_level2 in /var/www/html/furniture.com/catalog/view/theme/marketshop/template/common/header.tpl on line 1055
2016-01-05 15:14:47 - PHP Notice:  Undefined index: children_level2 in /var/www/html/furniture.com/catalog/view/theme/marketshop/template/common/header.tpl on line 1068
2016-01-05 15:14:47 - PHP Notice:  Undefined index: children_level2 in /var/www/html/furniture.com/catalog/view/theme/marketshop/template/common/header.tpl on line 1055
2016-01-05 15:14:47 - PHP Notice:  Undefined index: children_level2 in /var/www/html/furniture.com/catalog/view/theme/marketshop/template/common/header.tpl on line 1068
2016-01-05 15:14:47 - PHP Notice:  Undefined index: children_level2 in /var/www/html/furniture.com/catalog/view/theme/marketshop/template/common/header.tpl on line 1055
2016-01-05 15:14:47 - PHP Notice:  Undefined index: children_level2 in /var/www/html/furniture.com/catalog/view/theme/marketshop/template/common/header.tpl on line 1068
2016-01-05 15:17:19 - PHP Notice:  Undefined index: saving in /var/www/html/furniture.com/catalog/view/theme/marketshop/template/module/featured.tpl on line 17
2016-01-05 15:17:19 - PHP Notice:  Undefined index: saving in /var/www/html/furniture.com/catalog/view/theme/marketshop/template/module/featured.tpl on line 17
2016-01-05 15:17:19 - PHP Notice:  Undefined variable: route in /var/www/html/furniture.com/catalog/view/theme/marketshop/template/common/header.tpl on line 54
2016-01-05 15:17:19 - PHP Notice:  Undefined index: children_level2 in /var/www/html/furniture.com/catalog/view/theme/marketshop/template/common/header.tpl on line 1055
2016-01-05 15:17:19 - PHP Notice:  Undefined index: children_level2 in /var/www/html/furniture.com/catalog/view/theme/marketshop/template/common/header.tpl on line 1068
2016-01-05 15:17:19 - PHP Notice:  Undefined index: children_level2 in /var/www/html/furniture.com/catalog/view/theme/marketshop/template/common/header.tpl on line 1055
2016-01-05 15:17:19 - PHP Notice:  Undefined index: children_level2 in /var/www/html/furniture.com/catalog/view/theme/marketshop/template/common/header.tpl on line 1068
2016-01-05 15:17:19 - PHP Notice:  Undefined index: children_level2 in /var/www/html/furniture.com/catalog/view/theme/marketshop/template/common/header.tpl on line 1055
2016-01-05 15:17:19 - PHP Notice:  Undefined index: children_level2 in /var/www/html/furniture.com/catalog/view/theme/marketshop/template/common/header.tpl on line 1068
2016-01-05 15:17:19 - PHP Notice:  Undefined index: children_level2 in /var/www/html/furniture.com/catalog/view/theme/marketshop/template/common/header.tpl on line 1055
2016-01-05 15:17:19 - PHP Notice:  Undefined index: children_level2 in /var/www/html/furniture.com/catalog/view/theme/marketshop/template/common/header.tpl on line 1068
2016-01-05 15:17:19 - PHP Notice:  Undefined index: children_level2 in /var/www/html/furniture.com/catalog/view/theme/marketshop/template/common/header.tpl on line 1055
2016-01-05 15:17:19 - PHP Notice:  Undefined index: children_level2 in /var/www/html/furniture.com/catalog/view/theme/marketshop/template/common/header.tpl on line 1068
2016-01-05 15:17:19 - PHP Notice:  Undefined index: children_level2 in /var/www/html/furniture.com/catalog/view/theme/marketshop/template/common/header.tpl on line 1055
2016-01-05 15:17:19 - PHP Notice:  Undefined index: children_level2 in /var/www/html/furniture.com/catalog/view/theme/marketshop/template/common/header.tpl on line 1068
2016-01-05 15:17:19 - PHP Notice:  Undefined index: children_level2 in /var/www/html/furniture.com/catalog/view/theme/marketshop/template/common/header.tpl on line 1055
2016-01-05 15:17:19 - PHP Notice:  Undefined index: children_level2 in /var/www/html/furniture.com/catalog/view/theme/marketshop/template/common/header.tpl on line 1068
2016-01-05 15:17:19 - PHP Notice:  Undefined index: children_level2 in /var/www/html/furniture.com/catalog/view/theme/marketshop/template/common/header.tpl on line 1055
2016-01-05 15:17:19 - PHP Notice:  Undefined index: children_level2 in /var/www/html/furniture.com/catalog/view/theme/marketshop/template/common/header.tpl on line 1068
2016-01-05 15:17:19 - PHP Notice:  Undefined index: children_level2 in /var/www/html/furniture.com/catalog/view/theme/marketshop/template/common/header.tpl on line 1055
2016-01-05 15:17:19 - PHP Notice:  Undefined index: children_level2 in /var/www/html/furniture.com/catalog/view/theme/marketshop/template/common/header.tpl on line 1068
2016-01-05 15:17:19 - PHP Notice:  Undefined index: children_level2 in /var/www/html/furniture.com/catalog/view/theme/marketshop/template/common/header.tpl on line 1055
2016-01-05 15:17:19 - PHP Notice:  Undefined index: children_level2 in /var/www/html/furniture.com/catalog/view/theme/marketshop/template/common/header.tpl on line 1068
2016-01-05 15:17:19 - PHP Notice:  Undefined index: children_level2 in /var/www/html/furniture.com/catalog/view/theme/marketshop/template/common/header.tpl on line 1055
2016-01-05 15:17:19 - PHP Notice:  Undefined index: children_level2 in /var/www/html/furniture.com/catalog/view/theme/marketshop/template/common/header.tpl on line 1068
2016-01-05 15:17:19 - PHP Notice:  Undefined index: children_level2 in /var/www/html/furniture.com/catalog/view/theme/marketshop/template/common/header.tpl on line 1055
2016-01-05 15:17:19 - PHP Notice:  Undefined index: children_level2 in /var/www/html/furniture.com/catalog/view/theme/marketshop/template/common/header.tpl on line 1068
2016-01-05 15:17:19 - PHP Notice:  Undefined index: children_level2 in /var/www/html/furniture.com/catalog/view/theme/marketshop/template/common/header.tpl on line 1055
2016-01-05 15:17:19 - PHP Notice:  Undefined index: children_level2 in /var/www/html/furniture.com/catalog/view/theme/marketshop/template/common/header.tpl on line 1068
2016-01-05 15:17:19 - PHP Notice:  Undefined index: children_level2 in /var/www/html/furniture.com/catalog/view/theme/marketshop/template/common/header.tpl on line 1055
2016-01-05 15:17:19 - PHP Notice:  Undefined index: children_level2 in /var/www/html/furniture.com/catalog/view/theme/marketshop/template/common/header.tpl on line 1068
2016-01-05 15:17:19 - PHP Notice:  Undefined index: children_level2 in /var/www/html/furniture.com/catalog/view/theme/marketshop/template/common/header.tpl on line 1055
2016-01-05 15:17:19 - PHP Notice:  Undefined index: children_level2 in /var/www/html/furniture.com/catalog/view/theme/marketshop/template/common/header.tpl on line 1068
2016-01-05 15:17:19 - PHP Notice:  Undefined index: children_level2 in /var/www/html/furniture.com/catalog/view/theme/marketshop/template/common/header.tpl on line 1055
2016-01-05 15:17:19 - PHP Notice:  Undefined index: children_level2 in /var/www/html/furniture.com/catalog/view/theme/marketshop/template/common/header.tpl on line 1068
2016-01-05 15:17:19 - PHP Notice:  Undefined index: children_level2 in /var/www/html/furniture.com/catalog/view/theme/marketshop/template/common/header.tpl on line 1055
2016-01-05 15:17:19 - PHP Notice:  Undefined index: children_level2 in /var/www/html/furniture.com/catalog/view/theme/marketshop/template/common/header.tpl on line 1068
2016-01-05 15:17:19 - PHP Notice:  Undefined index: children_level2 in /var/www/html/furniture.com/catalog/view/theme/marketshop/template/common/header.tpl on line 1055
2016-01-05 15:17:19 - PHP Notice:  Undefined index: children_level2 in /var/www/html/furniture.com/catalog/view/theme/marketshop/template/common/header.tpl on line 1068
2016-01-05 15:17:19 - PHP Notice:  Undefined index: children_level2 in /var/www/html/furniture.com/catalog/view/theme/marketshop/template/common/header.tpl on line 1055
2016-01-05 15:17:19 - PHP Notice:  Undefined index: children_level2 in /var/www/html/furniture.com/catalog/view/theme/marketshop/template/common/header.tpl on line 1068
2016-01-05 15:17:19 - PHP Notice:  Undefined index: children_level2 in /var/www/html/furniture.com/catalog/view/theme/marketshop/template/common/header.tpl on line 1055
2016-01-05 15:17:19 - PHP Notice:  Undefined index: children_level2 in /var/www/html/furniture.com/catalog/view/theme/marketshop/template/common/header.tpl on line 1068
2016-01-05 15:17:19 - PHP Notice:  Undefined index: children_level2 in /var/www/html/furniture.com/catalog/view/theme/marketshop/template/common/header.tpl on line 1055
2016-01-05 15:17:19 - PHP Notice:  Undefined index: children_level2 in /var/www/html/furniture.com/catalog/view/theme/marketshop/template/common/header.tpl on line 1068
2016-01-05 15:17:19 - PHP Notice:  Undefined index: children_level2 in /var/www/html/furniture.com/catalog/view/theme/marketshop/template/common/header.tpl on line 1055
2016-01-05 15:17:19 - PHP Notice:  Undefined index: children_level2 in /var/www/html/furniture.com/catalog/view/theme/marketshop/template/common/header.tpl on line 1068
2016-01-05 15:17:19 - PHP Notice:  Undefined index: children_level2 in /var/www/html/furniture.com/catalog/view/theme/marketshop/template/common/header.tpl on line 1055
2016-01-05 15:17:19 - PHP Notice:  Undefined index: children_level2 in /var/www/html/furniture.com/catalog/view/theme/marketshop/template/common/header.tpl on line 1068
2016-01-05 15:17:19 - PHP Notice:  Undefined index: children_level2 in /var/www/html/furniture.com/catalog/view/theme/marketshop/template/common/header.tpl on line 1055
2016-01-05 15:17:19 - PHP Notice:  Undefined index: children_level2 in /var/www/html/furniture.com/catalog/view/theme/marketshop/template/common/header.tpl on line 1068
2016-01-05 15:17:19 - PHP Notice:  Undefined index: children_level2 in /var/www/html/furniture.com/catalog/view/theme/marketshop/template/common/header.tpl on line 1055
2016-01-05 15:17:19 - PHP Notice:  Undefined index: children_level2 in /var/www/html/furniture.com/catalog/view/theme/marketshop/template/common/header.tpl on line 1068
2016-01-05 15:17:19 - PHP Notice:  Undefined index: children_level2 in /var/www/html/furniture.com/catalog/view/theme/marketshop/template/common/header.tpl on line 1055
2016-01-05 15:17:19 - PHP Notice:  Undefined index: children_level2 in /var/www/html/furniture.com/catalog/view/theme/marketshop/template/common/header.tpl on line 1068
2016-01-05 15:17:19 - PHP Notice:  Undefined index: children_level2 in /var/www/html/furniture.com/catalog/view/theme/marketshop/template/common/header.tpl on line 1055
2016-01-05 15:17:19 - PHP Notice:  Undefined index: children_level2 in /var/www/html/furniture.com/catalog/view/theme/marketshop/template/common/header.tpl on line 1068
2016-01-05 15:18:05 - PHP Notice:  Undefined index: saving in /var/www/html/furniture.com/catalog/view/theme/marketshop/template/module/featured.tpl on line 17
2016-01-05 15:18:05 - PHP Notice:  Undefined index: saving in /var/www/html/furniture.com/catalog/view/theme/marketshop/template/module/featured.tpl on line 17
2016-01-05 15:18:05 - PHP Notice:  Undefined variable: route in /var/www/html/furniture.com/catalog/view/theme/marketshop/template/common/header.tpl on line 54
2016-01-05 15:18:05 - PHP Notice:  Undefined index: children_level2 in /var/www/html/furniture.com/catalog/view/theme/marketshop/template/common/header.tpl on line 1055
2016-01-05 15:18:05 - PHP Notice:  Undefined index: children_level2 in /var/www/html/furniture.com/catalog/view/theme/marketshop/template/common/header.tpl on line 1068
2016-01-05 15:18:05 - PHP Notice:  Undefined index: children_level2 in /var/www/html/furniture.com/catalog/view/theme/marketshop/template/common/header.tpl on line 1055
2016-01-05 15:18:05 - PHP Notice:  Undefined index: children_level2 in /var/www/html/furniture.com/catalog/view/theme/marketshop/template/common/header.tpl on line 1068
2016-01-05 15:18:05 - PHP Notice:  Undefined index: children_level2 in /var/www/html/furniture.com/catalog/view/theme/marketshop/template/common/header.tpl on line 1055
2016-01-05 15:18:05 - PHP Notice:  Undefined index: children_level2 in /var/www/html/furniture.com/catalog/view/theme/marketshop/template/common/header.tpl on line 1068
2016-01-05 15:18:05 - PHP Notice:  Undefined index: children_level2 in /var/www/html/furniture.com/catalog/view/theme/marketshop/template/common/header.tpl on line 1055
2016-01-05 15:18:05 - PHP Notice:  Undefined index: children_level2 in /var/www/html/furniture.com/catalog/view/theme/marketshop/template/common/header.tpl on line 1068
2016-01-05 15:18:05 - PHP Notice:  Undefined index: children_level2 in /var/www/html/furniture.com/catalog/view/theme/marketshop/template/common/header.tpl on line 1055
2016-01-05 15:18:05 - PHP Notice:  Undefined index: children_level2 in /var/www/html/furniture.com/catalog/view/theme/marketshop/template/common/header.tpl on line 1068
2016-01-05 15:18:05 - PHP Notice:  Undefined index: children_level2 in /var/www/html/furniture.com/catalog/view/theme/marketshop/template/common/header.tpl on line 1055
2016-01-05 15:18:05 - PHP Notice:  Undefined index: children_level2 in /var/www/html/furniture.com/catalog/view/theme/marketshop/template/common/header.tpl on line 1068
2016-01-05 15:18:05 - PHP Notice:  Undefined index: children_level2 in /var/www/html/furniture.com/catalog/view/theme/marketshop/template/common/header.tpl on line 1055
2016-01-05 15:18:05 - PHP Notice:  Undefined index: children_level2 in /var/www/html/furniture.com/catalog/view/theme/marketshop/template/common/header.tpl on line 1068
2016-01-05 15:18:05 - PHP Notice:  Undefined index: children_level2 in /var/www/html/furniture.com/catalog/view/theme/marketshop/template/common/header.tpl on line 1055
2016-01-05 15:18:05 - PHP Notice:  Undefined index: children_level2 in /var/www/html/furniture.com/catalog/view/theme/marketshop/template/common/header.tpl on line 1068
2016-01-05 15:18:05 - PHP Notice:  Undefined index: children_level2 in /var/www/html/furniture.com/catalog/view/theme/marketshop/template/common/header.tpl on line 1055
2016-01-05 15:18:05 - PHP Notice:  Undefined index: children_level2 in /var/www/html/furniture.com/catalog/view/theme/marketshop/template/common/header.tpl on line 1068
2016-01-05 15:18:05 - PHP Notice:  Undefined index: children_level2 in /var/www/html/furniture.com/catalog/view/theme/marketshop/template/common/header.tpl on line 1055
2016-01-05 15:18:05 - PHP Notice:  Undefined index: children_level2 in /var/www/html/furniture.com/catalog/view/theme/marketshop/template/common/header.tpl on line 1068
2016-01-05 15:18:05 - PHP Notice:  Undefined index: children_level2 in /var/www/html/furniture.com/catalog/view/theme/marketshop/template/common/header.tpl on line 1055
2016-01-05 15:18:05 - PHP Notice:  Undefined index: children_level2 in /var/www/html/furniture.com/catalog/view/theme/marketshop/template/common/header.tpl on line 1068
2016-01-05 15:18:05 - PHP Notice:  Undefined index: children_level2 in /var/www/html/furniture.com/catalog/view/theme/marketshop/template/common/header.tpl on line 1055
2016-01-05 15:18:05 - PHP Notice:  Undefined index: children_level2 in /var/www/html/furniture.com/catalog/view/theme/marketshop/template/common/header.tpl on line 1068
2016-01-05 15:18:05 - PHP Notice:  Undefined index: children_level2 in /var/www/html/furniture.com/catalog/view/theme/marketshop/template/common/header.tpl on line 1055
2016-01-05 15:18:05 - PHP Notice:  Undefined index: children_level2 in /var/www/html/furniture.com/catalog/view/theme/marketshop/template/common/header.tpl on line 1068
2016-01-05 15:18:05 - PHP Notice:  Undefined index: children_level2 in /var/www/html/furniture.com/catalog/view/theme/marketshop/template/common/header.tpl on line 1055
2016-01-05 15:18:05 - PHP Notice:  Undefined index: children_level2 in /var/www/html/furniture.com/catalog/view/theme/marketshop/template/common/header.tpl on line 1068
2016-01-05 15:18:05 - PHP Notice:  Undefined index: children_level2 in /var/www/html/furniture.com/catalog/view/theme/marketshop/template/common/header.tpl on line 1055
2016-01-05 15:18:05 - PHP Notice:  Undefined index: children_level2 in /var/www/html/furniture.com/catalog/view/theme/marketshop/template/common/header.tpl on line 1068
2016-01-05 15:18:05 - PHP Notice:  Undefined index: children_level2 in /var/www/html/furniture.com/catalog/view/theme/marketshop/template/common/header.tpl on line 1055
2016-01-05 15:18:05 - PHP Notice:  Undefined index: children_level2 in /var/www/html/furniture.com/catalog/view/theme/marketshop/template/common/header.tpl on line 1068
2016-01-05 15:18:05 - PHP Notice:  Undefined index: children_level2 in /var/www/html/furniture.com/catalog/view/theme/marketshop/template/common/header.tpl on line 1055
2016-01-05 15:18:05 - PHP Notice:  Undefined index: children_level2 in /var/www/html/furniture.com/catalog/view/theme/marketshop/template/common/header.tpl on line 1068
2016-01-05 15:18:05 - PHP Notice:  Undefined index: children_level2 in /var/www/html/furniture.com/catalog/view/theme/marketshop/template/common/header.tpl on line 1055
2016-01-05 15:18:05 - PHP Notice:  Undefined index: children_level2 in /var/www/html/furniture.com/catalog/view/theme/marketshop/template/common/header.tpl on line 1068
2016-01-05 15:18:05 - PHP Notice:  Undefined index: children_level2 in /var/www/html/furniture.com/catalog/view/theme/marketshop/template/common/header.tpl on line 1055
2016-01-05 15:18:05 - PHP Notice:  Undefined index: children_level2 in /var/www/html/furniture.com/catalog/view/theme/marketshop/template/common/header.tpl on line 1068
2016-01-05 15:18:05 - PHP Notice:  Undefined index: children_level2 in /var/www/html/furniture.com/catalog/view/theme/marketshop/template/common/header.tpl on line 1055
2016-01-05 15:18:05 - PHP Notice:  Undefined index: children_level2 in /var/www/html/furniture.com/catalog/view/theme/marketshop/template/common/header.tpl on line 1068
2016-01-05 15:18:05 - PHP Notice:  Undefined index: children_level2 in /var/www/html/furniture.com/catalog/view/theme/marketshop/template/common/header.tpl on line 1055
2016-01-05 15:18:05 - PHP Notice:  Undefined index: children_level2 in /var/www/html/furniture.com/catalog/view/theme/marketshop/template/common/header.tpl on line 1068
2016-01-05 15:18:05 - PHP Notice:  Undefined index: children_level2 in /var/www/html/furniture.com/catalog/view/theme/marketshop/template/common/header.tpl on line 1055
2016-01-05 15:18:05 - PHP Notice:  Undefined index: children_level2 in /var/www/html/furniture.com/catalog/view/theme/marketshop/template/common/header.tpl on line 1068
2016-01-05 15:18:05 - PHP Notice:  Undefined index: children_level2 in /var/www/html/furniture.com/catalog/view/theme/marketshop/template/common/header.tpl on line 1055
2016-01-05 15:18:05 - PHP Notice:  Undefined index: children_level2 in /var/www/html/furniture.com/catalog/view/theme/marketshop/template/common/header.tpl on line 1068
2016-01-05 15:18:05 - PHP Notice:  Undefined index: children_level2 in /var/www/html/furniture.com/catalog/view/theme/marketshop/template/common/header.tpl on line 1055
2016-01-05 15:18:05 - PHP Notice:  Undefined index: children_level2 in /var/www/html/furniture.com/catalog/view/theme/marketshop/template/common/header.tpl on line 1068
2016-01-05 15:18:05 - PHP Notice:  Undefined index: children_level2 in /var/www/html/furniture.com/catalog/view/theme/marketshop/template/common/header.tpl on line 1055
2016-01-05 15:18:05 - PHP Notice:  Undefined index: children_level2 in /var/www/html/furniture.com/catalog/view/theme/marketshop/template/common/header.tpl on line 1068
2016-01-05 15:18:05 - PHP Notice:  Undefined index: children_level2 in /var/www/html/furniture.com/catalog/view/theme/marketshop/template/common/header.tpl on line 1055
2016-01-05 15:18:05 - PHP Notice:  Undefined index: children_level2 in /var/www/html/furniture.com/catalog/view/theme/marketshop/template/common/header.tpl on line 1068
2016-01-05 15:18:05 - PHP Notice:  Undefined index: children_level2 in /var/www/html/furniture.com/catalog/view/theme/marketshop/template/common/header.tpl on line 1055
2016-01-05 15:18:05 - PHP Notice:  Undefined index: children_level2 in /var/www/html/furniture.com/catalog/view/theme/marketshop/template/common/header.tpl on line 1068
2016-01-05 17:36:37 - PHP Notice:  Undefined variable: text_qty in /var/www/html/furniture.com/vqmod/vqcache/vq2-catalog_view_theme_marketshop_template_product_product.tpl on line 294
2016-01-05 17:36:37 - PHP Notice:  Undefined variable: entry_captcha in /var/www/html/furniture.com/vqmod/vqcache/vq2-catalog_view_theme_marketshop_template_product_product.tpl on line 423
2016-01-05 18:33:42 - PHP Warning:  unlink(/var/www/html/furniture.com/image/catalog/img/Jasmine 5 Pc Dining Group/short_desc.txt): Permission denied in /var/www/html/furniture.com/admin/controller/common/filemanager.php on line 396
2016-01-05 18:33:42 - PHP Warning:  unlink(/var/www/html/furniture.com/image/catalog/img/Jasmine 5 Pc Dining Group/name.txt): Permission denied in /var/www/html/furniture.com/admin/controller/common/filemanager.php on line 396
2016-01-05 18:33:42 - PHP Warning:  unlink(/var/www/html/furniture.com/image/catalog/img/Jasmine 5 Pc Dining Group/harga.txt): Permission denied in /var/www/html/furniture.com/admin/controller/common/filemanager.php on line 396
2016-01-05 18:33:42 - PHP Warning:  unlink(/var/www/html/furniture.com/image/catalog/img/Jasmine 5 Pc Dining Group/desc.txt): Permission denied in /var/www/html/furniture.com/admin/controller/common/filemanager.php on line 396
2016-01-05 18:33:42 - PHP Warning:  unlink(/var/www/html/furniture.com/image/catalog/img/Jasmine 5 Pc Dining Group/Jasmine 5 Pc Dining Group.png): Permission denied in /var/www/html/furniture.com/admin/controller/common/filemanager.php on line 396
2016-01-05 18:33:42 - PHP Warning:  unlink(/var/www/html/furniture.com/image/catalog/img/Jasmine 5 Pc Dining Group.png): Permission denied in /var/www/html/furniture.com/admin/controller/common/filemanager.php on line 396
2016-01-05 18:33:42 - PHP Warning:  rmdir(/var/www/html/furniture.com/image/catalog/img/Jasmine 5 Pc Dining Group): Permission denied in /var/www/html/furniture.com/admin/controller/common/filemanager.php on line 400
2016-01-05 18:33:42 - PHP Warning:  unlink(/var/www/html/furniture.com/image/catalog/img/Mendocino 5 Pc Dining Group/short_desc.txt): Permission denied in /var/www/html/furniture.com/admin/controller/common/filemanager.php on line 396
2016-01-05 18:33:42 - PHP Warning:  unlink(/var/www/html/furniture.com/image/catalog/img/Mendocino 5 Pc Dining Group/name.txt): Permission denied in /var/www/html/furniture.com/admin/controller/common/filemanager.php on line 396
2016-01-05 18:33:42 - PHP Warning:  unlink(/var/www/html/furniture.com/image/catalog/img/Mendocino 5 Pc Dining Group/harga.txt): Permission denied in /var/www/html/furniture.com/admin/controller/common/filemanager.php on line 396
2016-01-05 18:33:42 - PHP Warning:  unlink(/var/www/html/furniture.com/image/catalog/img/Mendocino 5 Pc Dining Group/desc.txt): Permission denied in /var/www/html/furniture.com/admin/controller/common/filemanager.php on line 396
2016-01-05 18:33:42 - PHP Warning:  unlink(/var/www/html/furniture.com/image/catalog/img/Mendocino 5 Pc Dining Group/Mendocino 5 Pc Dining Group.png): Permission denied in /var/www/html/furniture.com/admin/controller/common/filemanager.php on line 396
2016-01-05 18:33:42 - PHP Warning:  unlink(/var/www/html/furniture.com/image/catalog/img/Mendocino 5 Pc Dining Group.png): Permission denied in /var/www/html/furniture.com/admin/controller/common/filemanager.php on line 396
2016-01-05 18:33:42 - PHP Warning:  rmdir(/var/www/html/furniture.com/image/catalog/img/Mendocino 5 Pc Dining Group): Permission denied in /var/www/html/furniture.com/admin/controller/common/filemanager.php on line 400
2016-01-05 21:35:29 - PHP Notice:  Undefined variable: text_qty in /var/www/html/furniture.com/vqmod/vqcache/vq2-catalog_view_theme_marketshop_template_product_product.tpl on line 294
2016-01-05 21:35:29 - PHP Notice:  Undefined variable: entry_captcha in /var/www/html/furniture.com/vqmod/vqcache/vq2-catalog_view_theme_marketshop_template_product_product.tpl on line 423
2016-01-05 21:36:36 - PHP Notice:  Undefined variable: text_qty in /var/www/html/furniture.com/vqmod/vqcache/vq2-catalog_view_theme_marketshop_template_product_product.tpl on line 294
2016-01-05 21:36:36 - PHP Notice:  Undefined variable: entry_captcha in /var/www/html/furniture.com/vqmod/vqcache/vq2-catalog_view_theme_marketshop_template_product_product.tpl on line 423
2016-01-05 21:39:00 - PHP Notice:  Undefined variable: text_qty in /var/www/html/furniture.com/vqmod/vqcache/vq2-catalog_view_theme_marketshop_template_product_product.tpl on line 294
2016-01-05 21:39:00 - PHP Notice:  Undefined variable: entry_captcha in /var/www/html/furniture.com/vqmod/vqcache/vq2-catalog_view_theme_marketshop_template_product_product.tpl on line 423
2016-01-05 21:39:09 - PHP Notice:  Undefined variable: text_qty in /var/www/html/furniture.com/vqmod/vqcache/vq2-catalog_view_theme_marketshop_template_product_product.tpl on line 294
2016-01-05 21:39:09 - PHP Notice:  Undefined variable: entry_captcha in /var/www/html/furniture.com/vqmod/vqcache/vq2-catalog_view_theme_marketshop_template_product_product.tpl on line 423
2016-01-05 21:39:13 - PHP Notice:  Undefined variable: text_qty in /var/www/html/furniture.com/vqmod/vqcache/vq2-catalog_view_theme_marketshop_template_product_product.tpl on line 294
2016-01-05 21:39:13 - PHP Notice:  Undefined variable: entry_captcha in /var/www/html/furniture.com/vqmod/vqcache/vq2-catalog_view_theme_marketshop_template_product_product.tpl on line 423
2016-01-05 21:40:32 - PHP Notice:  Undefined variable: text_qty in /var/www/html/furniture.com/vqmod/vqcache/vq2-catalog_view_theme_marketshop_template_product_product.tpl on line 294
2016-01-05 21:40:32 - PHP Notice:  Undefined variable: entry_captcha in /var/www/html/furniture.com/vqmod/vqcache/vq2-catalog_view_theme_marketshop_template_product_product.tpl on line 423
2016-01-05 21:42:23 - PHP Notice:  Undefined variable: text_qty in /var/www/html/furniture.com/vqmod/vqcache/vq2-catalog_view_theme_marketshop_template_product_product.tpl on line 294
2016-01-05 21:42:23 - PHP Notice:  Undefined variable: entry_captcha in /var/www/html/furniture.com/vqmod/vqcache/vq2-catalog_view_theme_marketshop_template_product_product.tpl on line 423
2016-01-05 21:44:48 - PHP Notice:  Undefined variable: text_qty in /var/www/html/furniture.com/vqmod/vqcache/vq2-catalog_view_theme_marketshop_template_product_product.tpl on line 294
2016-01-05 21:44:48 - PHP Notice:  Undefined variable: entry_captcha in /var/www/html/furniture.com/vqmod/vqcache/vq2-catalog_view_theme_marketshop_template_product_product.tpl on line 423
2016-01-05 21:49:30 - PHP Notice:  Undefined variable: text_qty in /var/www/html/furniture.com/vqmod/vqcache/vq2-catalog_view_theme_marketshop_template_product_product.tpl on line 294
2016-01-05 21:50:01 - PHP Notice:  Undefined variable: text_qty in /var/www/html/furniture.com/vqmod/vqcache/vq2-catalog_view_theme_marketshop_template_product_product.tpl on line 294
2016-01-05 22:02:14 - PHP Notice:  Undefined variable: text_qty in /var/www/html/furniture.com/vqmod/vqcache/vq2-catalog_view_theme_marketshop_template_product_product.tpl on line 294
2016-01-05 22:04:00 - PHP Notice:  Undefined variable: text_qty in /var/www/html/furniture.com/vqmod/vqcache/vq2-catalog_view_theme_marketshop_template_product_product.tpl on line 294
2016-01-05 22:04:27 - PHP Notice:  Undefined variable: text_qty in /var/www/html/furniture.com/vqmod/vqcache/vq2-catalog_view_theme_marketshop_template_product_product.tpl on line 294
2016-01-05 22:13:39 - PHP Notice:  Undefined variable: text_qty in /var/www/html/furniture.com/vqmod/vqcache/vq2-catalog_view_theme_marketshop_template_product_product.tpl on line 294
2016-01-05 22:20:40 - PHP Notice:  Undefined variable: text_qty in /var/www/html/furniture.com/vqmod/vqcache/vq2-catalog_view_theme_marketshop_template_product_product.tpl on line 294
2016-01-05 22:22:17 - PHP Notice:  Undefined variable: text_qty in /var/www/html/furniture.com/vqmod/vqcache/vq2-catalog_view_theme_marketshop_template_product_product.tpl on line 294
2016-01-05 22:42:16 - PHP Notice:  Undefined variable: text_qty in /var/www/html/furniture.com/vqmod/vqcache/vq2-catalog_view_theme_marketshop_template_product_product.tpl on line 294
2016-01-05 22:48:44 - PHP Notice:  Undefined index: featured_products_status in /var/www/html/furniture.com/admin/controller/module/product_tab.php on line 141
2016-01-05 22:50:54 - PHP Notice:  Undefined variable: entry_captcha in /var/www/html/furniture.com/catalog/view/theme/marketshop/template/information/contact.tpl on line 130
2016-01-05 22:52:22 - PHP Notice:  Undefined variable: entry_captcha in /var/www/html/furniture.com/catalog/view/theme/marketshop/template/account/return_form.tpl on line 154
2016-01-05 22:52:22 - PHP Notice:  Undefined variable: entry_captcha in /var/www/html/furniture.com/catalog/view/theme/marketshop/template/account/return_form.tpl on line 156
2016-01-05 22:53:17 - PHP Notice:  Undefined variable: text_qty in /var/www/html/furniture.com/vqmod/vqcache/vq2-catalog_view_theme_marketshop_template_product_product.tpl on line 294
2016-01-06 16:11:18 - PHP Warning:  getimagesize(/var/www/html/furniture.com/image/catalog/rsz_logo.png): failed to open stream: Permission denied in /var/www/html/furniture.com/admin/model/tool/image.php on line 26
2016-01-06 16:11:18 - PHP Warning:  getimagesize(/var/www/html/furniture.com/image/catalog/rsz_logo.png): failed to open stream: Permission denied in /var/www/html/furniture.com/system/library/image.php on line 11
2016-01-06 16:18:14 - PHP Notice:  Error: Could not load template /var/www/html/furniture.com/catalog/view/theme/default/template/module/product_tab.tpl! in /var/www/html/furniture.com/vqmod/vqcache/vq2-system_engine_loader.php on line 45
2016-01-06 16:20:56 - PHP Notice:  Error: Could not load template /var/www/html/furniture.com/catalog/view/theme/default/template/module/product_tab.tpl! in /var/www/html/furniture.com/vqmod/vqcache/vq2-system_engine_loader.php on line 45
2016-01-06 16:23:14 - PHP Notice:  Error: Could not load template /var/www/html/furniture.com/catalog/view/theme/default/template/module/product_tab.tpl! in /var/www/html/furniture.com/vqmod/vqcache/vq2-system_engine_loader.php on line 45
2016-01-06 16:37:53 - PHP Notice:  Undefined variable: text_qty in /var/www/html/furniture.com/vqmod/vqcache/vq2-catalog_view_theme_marketshop_template_product_product.tpl on line 294
2016-01-06 16:40:04 - PHP Notice:  Undefined variable: text_qty in /var/www/html/furniture.com/vqmod/vqcache/vq2-catalog_view_theme_marketshop_template_product_product.tpl on line 294
2016-01-06 16:40:08 - PHP Notice:  Undefined variable: text_qty in /var/www/html/furniture.com/vqmod/vqcache/vq2-catalog_view_theme_marketshop_template_product_product.tpl on line 294
2016-01-06 16:42:57 - PHP Notice:  Undefined variable: text_qty in /var/www/html/furniture.com/vqmod/vqcache/vq2-catalog_view_theme_marketshop_template_product_product.tpl on line 294
2016-01-06 16:47:44 - PHP Notice:  Undefined variable: text_qty in /var/www/html/furniture.com/vqmod/vqcache/vq2-catalog_view_theme_marketshop_template_product_product.tpl on line 294
2016-01-06 16:47:49 - PHP Notice:  Undefined variable: text_qty in /var/www/html/furniture.com/vqmod/vqcache/vq2-catalog_view_theme_marketshop_template_product_product.tpl on line 294
2016-01-06 16:47:55 - PHP Notice:  Undefined variable: text_qty in /var/www/html/furniture.com/vqmod/vqcache/vq2-catalog_view_theme_marketshop_template_product_product.tpl on line 294
2016-01-06 16:48:04 - PHP Notice:  Undefined variable: text_qty in /var/www/html/furniture.com/vqmod/vqcache/vq2-catalog_view_theme_marketshop_template_product_product.tpl on line 294
2016-01-06 16:48:34 - PHP Notice:  Undefined variable: text_qty in /var/www/html/furniture.com/vqmod/vqcache/vq2-catalog_view_theme_marketshop_template_product_product.tpl on line 294
2016-01-06 16:48:39 - PHP Notice:  Undefined variable: text_qty in /var/www/html/furniture.com/vqmod/vqcache/vq2-catalog_view_theme_marketshop_template_product_product.tpl on line 294
2016-01-06 16:48:48 - PHP Notice:  Undefined variable: text_qty in /var/www/html/furniture.com/vqmod/vqcache/vq2-catalog_view_theme_marketshop_template_product_product.tpl on line 294
2016-01-06 16:49:42 - PHP Notice:  Undefined variable: text_qty in /var/www/html/furniture.com/vqmod/vqcache/vq2-catalog_view_theme_marketshop_template_product_product.tpl on line 294
2016-01-06 16:49:48 - PHP Notice:  Undefined variable: text_qty in /var/www/html/furniture.com/vqmod/vqcache/vq2-catalog_view_theme_marketshop_template_product_product.tpl on line 294
2016-01-06 16:53:19 - PHP Notice:  Undefined variable: text_qty in /var/www/html/furniture.com/vqmod/vqcache/vq2-catalog_view_theme_marketshop_template_product_product.tpl on line 294
2016-01-06 16:53:27 - PHP Notice:  Undefined variable: text_qty in /var/www/html/furniture.com/vqmod/vqcache/vq2-catalog_view_theme_marketshop_template_product_product.tpl on line 294
2016-01-06 16:53:41 - PHP Notice:  Undefined variable: text_qty in /var/www/html/furniture.com/vqmod/vqcache/vq2-catalog_view_theme_marketshop_template_product_product.tpl on line 294
2016-01-06 16:54:56 - PHP Notice:  Undefined variable: text_qty in /var/www/html/furniture.com/vqmod/vqcache/vq2-catalog_view_theme_marketshop_template_product_product.tpl on line 294
2016-01-06 16:55:05 - PHP Notice:  Undefined variable: text_qty in /var/www/html/furniture.com/vqmod/vqcache/vq2-catalog_view_theme_marketshop_template_product_product.tpl on line 294
2016-01-06 16:55:11 - PHP Notice:  Undefined variable: text_qty in /var/www/html/furniture.com/vqmod/vqcache/vq2-catalog_view_theme_marketshop_template_product_product.tpl on line 294
2016-01-06 16:55:52 - PHP Notice:  Undefined variable: text_qty in /var/www/html/furniture.com/vqmod/vqcache/vq2-catalog_view_theme_marketshop_template_product_product.tpl on line 294
2016-01-06 16:56:06 - PHP Notice:  Undefined variable: text_qty in /var/www/html/furniture.com/vqmod/vqcache/vq2-catalog_view_theme_marketshop_template_product_product.tpl on line 294
2016-01-06 16:56:36 - PHP Notice:  Undefined variable: text_qty in /var/www/html/furniture.com/vqmod/vqcache/vq2-catalog_view_theme_marketshop_template_product_product.tpl on line 294
2016-01-06 16:57:10 - PHP Notice:  Undefined variable: text_qty in /var/www/html/furniture.com/vqmod/vqcache/vq2-catalog_view_theme_marketshop_template_product_product.tpl on line 294
2016-01-06 16:57:18 - PHP Notice:  Undefined variable: text_qty in /var/www/html/furniture.com/vqmod/vqcache/vq2-catalog_view_theme_marketshop_template_product_product.tpl on line 294
2016-01-06 17:05:34 - PHP Notice:  Undefined variable: text_qty in /var/www/html/furniture.com/vqmod/vqcache/vq2-catalog_view_theme_marketshop_template_product_product.tpl on line 294
2016-01-06 17:26:54 - PHP Notice:  Undefined variable: text_qty in /var/www/html/furniture.com/vqmod/vqcache/vq2-catalog_view_theme_marketshop_template_product_product.tpl on line 294
2016-01-06 17:34:39 - PHP Notice:  Array to string conversion in /var/www/html/furniture.com/vqmod/vqcache/vq2-catalog_controller_module_banner.php on line 20
2016-01-06 17:48:20 - PHP Warning:  getimagesize(/var/www/html/furniture.com/image/catalog/new_year.jpg): failed to open stream: Permission denied in /var/www/html/furniture.com/admin/model/tool/image.php on line 26
2016-01-06 17:48:20 - PHP Warning:  getimagesize(/var/www/html/furniture.com/image/catalog/new_year.jpg): failed to open stream: Permission denied in /var/www/html/furniture.com/system/library/image.php on line 11
2016-01-06 19:29:07 - PHP Notice:  Undefined variable: content_top in /var/www/html/furniture.com/catalog/view/theme/marketshop/template/common/home.tpl on line 13
2016-01-07 7:48:04 - PHP Notice:  Undefined variable: text_content_top in /var/www/html/furniture.com/admin/view/template/design/layout_form.tpl on line 108
2016-01-07 7:48:04 - PHP Notice:  Undefined variable: text_content_top in /var/www/html/furniture.com/admin/view/template/design/layout_form.tpl on line 108
2016-01-07 7:48:04 - PHP Notice:  Undefined variable: text_content_top in /var/www/html/furniture.com/admin/view/template/design/layout_form.tpl on line 108
2016-01-07 7:48:04 - PHP Notice:  Undefined variable: text_content_top in /var/www/html/furniture.com/admin/view/template/design/layout_form.tpl on line 108
2016-01-07 7:48:04 - PHP Notice:  Undefined variable: text_content_top in /var/www/html/furniture.com/admin/view/template/design/layout_form.tpl on line 108
2016-01-07 7:48:04 - PHP Notice:  Undefined variable: text_content_top in /var/www/html/furniture.com/admin/view/template/design/layout_form.tpl on line 183
2016-01-07 9:30:01 - PHP Notice:  Undefined variable: content_banner in /var/www/html/furniture.com/catalog/view/theme/marketshop/template/common/home.tpl on line 13
2016-01-07 9:30:58 - PHP Notice:  Undefined variable: content_banner in /var/www/html/furniture.com/catalog/view/theme/marketshop/template/common/home.tpl on line 13
2016-01-07 9:39:50 - PHP Notice:  Undefined variable: content_banner in /var/www/html/furniture.com/catalog/view/theme/marketshop/template/common/home.tpl on line 13
2016-01-07 9:39:51 - PHP Notice:  Undefined variable: content_banner in /var/www/html/furniture.com/catalog/view/theme/marketshop/template/common/home.tpl on line 13
2016-01-07 9:39:52 - PHP Notice:  Undefined variable: content_banner in /var/www/html/furniture.com/catalog/view/theme/marketshop/template/common/home.tpl on line 13
2016-01-07 9:39:52 - PHP Notice:  Undefined variable: content_banner in /var/www/html/furniture.com/catalog/view/theme/marketshop/template/common/home.tpl on line 13
2016-01-07 9:39:53 - PHP Notice:  Undefined variable: content_banner in /var/www/html/furniture.com/catalog/view/theme/marketshop/template/common/home.tpl on line 13
2016-01-07 9:39:54 - PHP Notice:  Undefined variable: content_banner in /var/www/html/furniture.com/catalog/view/theme/marketshop/template/common/home.tpl on line 13
2016-01-07 9:40:37 - PHP Notice:  Undefined variable: content_banner in /var/www/html/furniture.com/catalog/view/theme/marketshop/template/common/home.tpl on line 13
2016-01-07 9:41:14 - PHP Notice:  Undefined variable: content_banner in /var/www/html/furniture.com/catalog/view/theme/marketshop/template/common/home.tpl on line 13
2016-01-07 9:45:21 - PHP Notice:  Undefined variable: content_banner in /var/www/html/furniture.com/catalog/view/theme/marketshop/template/common/home.tpl on line 13
2016-01-07 9:45:42 - PHP Notice:  Undefined variable: content_banner in /var/www/html/furniture.com/catalog/view/theme/marketshop/template/common/home.tpl on line 13
2016-01-07 9:49:56 - PHP Notice:  Undefined variable: content_banner in /var/www/html/furniture.com/catalog/view/theme/marketshop/template/common/home.tpl on line 13
2016-01-07 9:50:40 - PHP Notice:  Undefined variable: content_banner in /var/www/html/furniture.com/catalog/view/theme/marketshop/template/common/home.tpl on line 13
2016-01-07 9:51:00 - PHP Notice:  Undefined variable: content_banner in /var/www/html/furniture.com/catalog/view/theme/marketshop/template/common/home.tpl on line 13
2016-01-07 9:51:20 - PHP Notice:  Undefined variable: content_banner in /var/www/html/furniture.com/catalog/view/theme/marketshop/template/common/home.tpl on line 13
2016-01-07 10:13:47 - PHP Notice:  Undefined variable: banner in /var/www/html/furniture.com/catalog/view/theme/marketshop/template/module/marketshop_banner.tpl on line 3
2016-01-07 10:13:47 - PHP Notice:  Undefined variable: banner in /var/www/html/furniture.com/catalog/view/theme/marketshop/template/module/marketshop_banner.tpl on line 6
2016-01-07 10:13:47 - PHP Notice:  Undefined variable: banner in /var/www/html/furniture.com/catalog/view/theme/marketshop/template/module/marketshop_banner.tpl on line 6
2016-01-07 10:13:47 - PHP Notice:  Undefined variable: banner in /var/www/html/furniture.com/catalog/view/theme/marketshop/template/module/marketshop_banner.tpl on line 6
2016-01-07 10:13:47 - PHP Notice:  Undefined variable: banner in /var/www/html/furniture.com/catalog/view/theme/marketshop/template/module/marketshop_banner.tpl on line 3
2016-01-07 10:13:47 - PHP Notice:  Undefined variable: banner in /var/www/html/furniture.com/catalog/view/theme/marketshop/template/module/marketshop_banner.tpl on line 6
2016-01-07 10:13:47 - PHP Notice:  Undefined variable: banner in /var/www/html/furniture.com/catalog/view/theme/marketshop/template/module/marketshop_banner.tpl on line 6
2016-01-07 10:13:47 - PHP Notice:  Undefined variable: banner in /var/www/html/furniture.com/catalog/view/theme/marketshop/template/module/marketshop_banner.tpl on line 6
2016-01-07 10:14:41 - PHP Notice:  Undefined variable: banner in /var/www/html/furniture.com/catalog/view/theme/marketshop/template/module/marketshop_banner.tpl on line 3
2016-01-07 10:14:41 - PHP Notice:  Undefined variable: banner in /var/www/html/furniture.com/catalog/view/theme/marketshop/template/module/marketshop_banner.tpl on line 6
2016-01-07 10:14:41 - PHP Notice:  Undefined variable: banner in /var/www/html/furniture.com/catalog/view/theme/marketshop/template/module/marketshop_banner.tpl on line 6
2016-01-07 10:14:41 - PHP Notice:  Undefined variable: banner in /var/www/html/furniture.com/catalog/view/theme/marketshop/template/module/marketshop_banner.tpl on line 6
2016-01-07 10:14:41 - PHP Notice:  Undefined variable: banner in /var/www/html/furniture.com/catalog/view/theme/marketshop/template/module/marketshop_banner.tpl on line 3
2016-01-07 10:14:41 - PHP Notice:  Undefined variable: banner in /var/www/html/furniture.com/catalog/view/theme/marketshop/template/module/marketshop_banner.tpl on line 6
2016-01-07 10:14:41 - PHP Notice:  Undefined variable: banner in /var/www/html/furniture.com/catalog/view/theme/marketshop/template/module/marketshop_banner.tpl on line 6
2016-01-07 10:14:41 - PHP Notice:  Undefined variable: banner in /var/www/html/furniture.com/catalog/view/theme/marketshop/template/module/marketshop_banner.tpl on line 6
2016-01-07 10:15:08 - PHP Notice:  Undefined variable: banner in /var/www/html/furniture.com/catalog/view/theme/marketshop/template/module/marketshop_banner.tpl on line 4
2016-01-07 10:15:08 - PHP Notice:  Undefined variable: banner in /var/www/html/furniture.com/catalog/view/theme/marketshop/template/module/marketshop_banner.tpl on line 4
2016-01-07 10:15:08 - PHP Notice:  Undefined variable: banner in /var/www/html/furniture.com/catalog/view/theme/marketshop/template/module/marketshop_banner.tpl on line 4
2016-01-07 10:15:08 - PHP Notice:  Undefined variable: banner in /var/www/html/furniture.com/catalog/view/theme/marketshop/template/module/marketshop_banner.tpl on line 4
2016-01-07 10:15:08 - PHP Notice:  Undefined variable: banner in /var/www/html/furniture.com/catalog/view/theme/marketshop/template/module/marketshop_banner.tpl on line 4
2016-01-07 10:15:08 - PHP Notice:  Undefined variable: banner in /var/www/html/furniture.com/catalog/view/theme/marketshop/template/module/marketshop_banner.tpl on line 4
2016-01-07 10:15:08 - PHP Notice:  Undefined variable: banner in /var/www/html/furniture.com/catalog/view/theme/marketshop/template/module/marketshop_banner.tpl on line 4
2016-01-07 10:15:08 - PHP Notice:  Undefined variable: banner in /var/www/html/furniture.com/catalog/view/theme/marketshop/template/module/marketshop_banner.tpl on line 4
2016-01-07 10:57:38 - PHP Notice:  Undefined variable: text_qty in /var/www/html/furniture.com/vqmod/vqcache/vq2-catalog_view_theme_marketshop_template_product_product.tpl on line 294
2016-01-07 18:11:56 - PHP Notice:  Undefined variable: text_qty in /var/www/html/furniture.com/vqmod/vqcache/vq2-catalog_view_theme_marketshop_template_product_product.tpl on line 294
2016-01-07 19:54:03 - PHP Notice:  Undefined variable: text_qty in /var/www/html/furniture.com/vqmod/vqcache/vq2-catalog_view_theme_marketshop_template_product_product.tpl on line 294
2016-01-07 19:55:45 - PHP Notice:  Undefined variable: text_qty in /var/www/html/furniture.com/vqmod/vqcache/vq2-catalog_view_theme_marketshop_template_product_product.tpl on line 294
2016-01-07 19:56:23 - PHP Notice:  Undefined variable: text_qty in /var/www/html/furniture.com/vqmod/vqcache/vq2-catalog_view_theme_marketshop_template_product_product.tpl on line 294
2016-01-07 19:56:46 - PHP Notice:  Undefined variable: text_qty in /var/www/html/furniture.com/vqmod/vqcache/vq2-catalog_view_theme_marketshop_template_product_product.tpl on line 294
2016-01-07 19:59:08 - PHP Notice:  Undefined variable: text_qty in /var/www/html/furniture.com/vqmod/vqcache/vq2-catalog_view_theme_marketshop_template_product_product.tpl on line 294
2016-01-07 19:59:20 - PHP Notice:  Undefined variable: text_qty in /var/www/html/furniture.com/vqmod/vqcache/vq2-catalog_view_theme_marketshop_template_product_product.tpl on line 294
2016-01-07 19:59:26 - PHP Notice:  Undefined variable: text_qty in /var/www/html/furniture.com/vqmod/vqcache/vq2-catalog_view_theme_marketshop_template_product_product.tpl on line 294
2016-01-07 19:59:42 - PHP Notice:  Undefined variable: text_qty in /var/www/html/furniture.com/vqmod/vqcache/vq2-catalog_view_theme_marketshop_template_product_product.tpl on line 294
2016-01-07 19:59:45 - PHP Notice:  Undefined variable: text_qty in /var/www/html/furniture.com/vqmod/vqcache/vq2-catalog_view_theme_marketshop_template_product_product.tpl on line 294
2016-01-07 19:59:51 - PHP Notice:  Undefined variable: text_qty in /var/www/html/furniture.com/vqmod/vqcache/vq2-catalog_view_theme_marketshop_template_product_product.tpl on line 294
2016-01-07 19:59:55 - PHP Notice:  Undefined variable: text_qty in /var/www/html/furniture.com/vqmod/vqcache/vq2-catalog_view_theme_marketshop_template_product_product.tpl on line 294
2016-01-07 21:03:11 - PHP Notice:  Undefined variable: text_qty in /var/www/html/furniture.com/vqmod/vqcache/vq2-catalog_view_theme_marketshop_template_product_product.tpl on line 294
2016-01-07 21:04:40 - PHP Notice:  Undefined variable: text_qty in /var/www/html/furniture.com/vqmod/vqcache/vq2-catalog_view_theme_marketshop_template_product_product.tpl on line 294
2016-01-07 21:04:46 - PHP Notice:  Undefined variable: text_qty in /var/www/html/furniture.com/vqmod/vqcache/vq2-catalog_view_theme_marketshop_template_product_product.tpl on line 294
2016-01-07 21:05:35 - PHP Notice:  Undefined variable: text_qty in /var/www/html/furniture.com/vqmod/vqcache/vq2-catalog_view_theme_marketshop_template_product_product.tpl on line 294
2016-01-07 21:06:01 - PHP Notice:  Undefined variable: text_qty in /var/www/html/furniture.com/vqmod/vqcache/vq2-catalog_view_theme_marketshop_template_product_product.tpl on line 294
2016-01-07 21:06:27 - PHP Notice:  Undefined variable: text_qty in /var/www/html/furniture.com/vqmod/vqcache/vq2-catalog_view_theme_marketshop_template_product_product.tpl on line 294
2016-01-07 21:47:21 - PHP Notice:  Undefined variable: text_qty in /var/www/html/furniture.com/vqmod/vqcache/vq2-catalog_view_theme_marketshop_template_product_product.tpl on line 294
2016-01-07 21:58:37 - PHP Notice:  Undefined variable: text_qty in /var/www/html/furniture.com/vqmod/vqcache/vq2-catalog_view_theme_marketshop_template_product_product.tpl on line 294
2016-01-07 21:59:17 - PHP Notice:  Undefined variable: text_qty in /var/www/html/furniture.com/vqmod/vqcache/vq2-catalog_view_theme_marketshop_template_product_product.tpl on line 294
2016-01-07 21:59:30 - PHP Notice:  Undefined variable: text_qty in /var/www/html/furniture.com/vqmod/vqcache/vq2-catalog_view_theme_marketshop_template_product_product.tpl on line 294
2016-01-07 22:02:13 - PHP Notice:  Undefined variable: text_qty in /var/www/html/furniture.com/vqmod/vqcache/vq2-catalog_view_theme_marketshop_template_product_product.tpl on line 294
2016-01-07 22:02:21 - PHP Notice:  Undefined variable: text_qty in /var/www/html/furniture.com/vqmod/vqcache/vq2-catalog_view_theme_marketshop_template_product_product.tpl on line 294
2016-01-07 22:09:04 - PHP Notice:  Undefined variable: text_qty in /var/www/html/furniture.com/vqmod/vqcache/vq2-catalog_view_theme_marketshop_template_product_product.tpl on line 294
2016-01-07 22:09:21 - PHP Notice:  Undefined variable: text_qty in /var/www/html/furniture.com/vqmod/vqcache/vq2-catalog_view_theme_marketshop_template_product_product.tpl on line 294
2016-01-07 22:17:17 - PHP Notice:  Undefined variable: text_qty in /var/www/html/furniture.com/vqmod/vqcache/vq2-catalog_view_theme_marketshop_template_product_product.tpl on line 294
2016-01-07 22:17:43 - PHP Notice:  Undefined variable: text_qty in /var/www/html/furniture.com/vqmod/vqcache/vq2-catalog_view_theme_marketshop_template_product_product.tpl on line 294
